TN:
SF:src/config.ts
FNF:0
FNH:0
DA:13,1
DA:21,1
LF:2
LH:2
BRDA:13,0,0,1
BRDA:13,0,1,1
BRF:2
BRH:2
end_of_record
TN:
SF:src/__tests__/mocks/asyncStorage.ts
FN:11,(anonymous_0)
FN:14,(anonymous_1)
FN:17,(anonymous_2)
FN:20,(anonymous_3)
FN:21,(anonymous_4)
FN:23,(anonymous_5)
FN:27,(anonymous_6)
FNF:7
FNH:3
FNDA:26,(anonymous_0)
FNDA:4,(anonymous_1)
FNDA:0,(anonymous_2)
FNDA:0,(anonymous_3)
FNDA:0,(anonymous_4)
FNDA:0,(anonymous_5)
FNDA:4,(anonymous_6)
DA:8,3
DA:10,3
DA:12,26
DA:15,4
DA:18,0
DA:21,0
DA:24,0
DA:28,4
DA:32,3
LF:9
LH:6
BRDA:12,0,0,4
BRDA:12,0,1,22
BRF:2
BRH:2
end_of_record
TN:
SF:src/navigation/protocolFlow.ts
FN:17,(anonymous_0)
FN:24,(anonymous_1)
FN:28,(anonymous_2)
FN:33,(anonymous_3)
FN:37,(anonymous_4)
FNF:5
FNH:0
FNDA:0,(anonymous_0)
FNDA:0,(anonymous_1)
FNDA:0,(anonymous_2)
FNDA:0,(anonymous_3)
FNDA:0,(anonymous_4)
DA:1,1
DA:17,1
DA:20,0
DA:21,0
DA:24,1
DA:27,0
DA:28,0
DA:33,1
DA:37,0
DA:38,0
LF:10
LH:4
BRDA:21,0,0,0
BRDA:21,0,1,0
BRDA:28,1,0,0
BRDA:28,1,1,0
BRF:4
BRH:0
end_of_record
TN:
SF:src/store/protocolResumeStore.ts
FN:32,isProtocolRouteName
FN:36,parseStoredIncidentId
FN:58,buildDraftCompatibleRoutesByFurthestStep
FN:104,persistProtocolResumeState
FN:122,resolveProtocolResumeState
FN:128,(anonymous_6)
FN:135,(anonymous_7)
FN:139,(anonymous_8)
FN:154,(anonymous_9)
FN:188,(anonymous_10)
FN:205,clearProtocolLocalDraftsAndResumeState
FN:207,(anonymous_12)
FNF:12
FNH:8
FNDA:3,isProtocolRouteName
FNDA:20,parseStoredIncidentId
FNDA:4,buildDraftCompatibleRoutesByFurthestStep
FNDA:0,persistProtocolResumeState
FNDA:4,resolveProtocolResumeState
FNDA:24,(anonymous_6)
FNDA:20,(anonymous_7)
FNDA:20,(anonymous_8)
FNDA:3,(anonymous_9)
FNDA:0,(anonymous_10)
FNDA:0,clearProtocolLocalDraftsAndResumeState
FNDA:0,(anonymous_12)
DA:1,1
DA:3,1
DA:5,1
DA:7,1
DA:8,1
DA:9,1
DA:10,1
DA:11,1
DA:13,1
DA:33,3
DA:37,20
DA:38,20
DA:41,0
DA:42,0
DA:43,0
DA:44,0
DA:47,0
DA:48,0
DA:51,0
DA:52,0
DA:54,0
DA:59,4
DA:61,4
DA:62,0
DA:63,0
DA:64,0
DA:67,4
DA:68,0
DA:69,0
DA:70,0
DA:71,0
DA:74,4
DA:75,0
DA:76,0
DA:77,0
DA:78,0
DA:79,0
DA:82,4
DA:83,0
DA:84,0
DA:85,0
DA:86,0
DA:87,0
DA:88,0
DA:91,4
DA:92,0
DA:93,0
DA:94,0
DA:95,0
DA:96,0
DA:97,0
DA:98,0
DA:101,4
DA:104,1
DA:108,0
DA:110,0
DA:116,0
DA:122,1
DA:125,4
DA:127,4
DA:129,24
DA:133,4
DA:134,4
DA:135,4
DA:136,20
DA:139,20
DA:141,4
DA:142,4
DA:144,4
DA:145,3
DA:146,3
DA:147,2
DA:148,1
DA:150,1
DA:151,1
DA:152,1
DA:155,3
DA:158,1
DA:162,1
DA:163,1
DA:168,1
DA:170,0
DA:172,1
DA:173,1
DA:177,4
DA:178,4
DA:179,20
DA:180,20
DA:181,0
DA:186,4
DA:188,0
DA:190,4
DA:191,0
DA:197,4
DA:199,4
DA:205,1
DA:206,0
DA:208,0
LF:98
LH:55
BRDA:37,0,0,20
BRDA:43,1,0,0
BRDA:43,2,0,0
BRDA:43,2,1,0
BRDA:47,3,0,0
BRDA:52,4,0,0
BRDA:52,4,1,0
BRDA:61,5,0,0
BRDA:67,6,0,0
BRDA:74,7,0,0
BRDA:82,8,0,0
BRDA:91,9,0,0
BRDA:108,10,0,0
BRDA:108,10,1,0
BRDA:125,11,0,1
BRDA:125,11,1,3
BRDA:144,12,0,3
BRDA:147,13,0,1
BRDA:147,13,1,1
BRDA:147,14,0,2
BRDA:147,14,1,2
BRDA:147,14,2,1
BRDA:150,15,0,1
BRDA:150,15,1,0
BRDA:151,16,0,1
BRDA:151,16,1,0
BRDA:152,17,0,1
BRDA:152,17,1,0
BRDA:155,18,0,3
BRDA:155,18,1,3
BRDA:168,19,0,0
BRDA:168,20,0,1
BRDA:168,20,1,1
BRDA:180,21,0,0
BRDA:186,22,0,4
BRDA:186,22,1,1
BRDA:186,22,2,1
BRDA:186,22,3,1
BRDA:190,23,0,0
BRF:39
BRH:20
end_of_record
TN:
SF:src/store/uploadQueueStore.ts
FN:49,makeNowIso
FN:53,normalizeState
FN:56,(anonymous_3)
FN:71,(anonymous_4)
FN:99,persistState
FN:103,emit
FN:109,updateState
FN:123,hydrateUploadQueueStore
FN:133,(anonymous_9)
FN:154,getUploadQueueSnapshot
FN:158,subscribeToUploadQueue
FN:161,(anonymous_12)
FN:166,enqueueUpload
FN:183,(anonymous_14)
FN:191,markUploadPreparing
FN:192,(anonymous_16)
FN:194,(anonymous_17)
FN:207,markUploadPrepared
FN:211,(anonymous_19)
FN:213,(anonymous_20)
FN:225,markUploadSucceeded
FN:226,(anonymous_22)
FN:228,(anonymous_23)
FN:240,scheduleUploadRetry
FN:244,(anonymous_25)
FN:246,(anonymous_26)
FN:259,markUploadFailed
FN:260,(anonymous_28)
FN:262,(anonymous_29)
FN:274,clearUploadedItemsForIncident
FN:275,(anonymous_31)
FN:278,(anonymous_32)
FN:283,getProcessableQueueItems
FN:285,(anonymous_34)
FNF:34
FNH:5
FNDA:2,makeNowIso
FNDA:0,normalizeState
FNDA:0,(anonymous_3)
FNDA:0,(anonymous_4)
FNDA:0,persistState
FNDA:2,emit
FNDA:0,updateState
FNDA:2,hydrateUploadQueueStore
FNDA:2,(anonymous_9)
FNDA:2,getUploadQueueSnapshot
FNDA:0,subscribeToUploadQueue
FNDA:0,(anonymous_12)
FNDA:0,enqueueUpload
FNDA:0,(anonymous_14)
FNDA:0,markUploadPreparing
FNDA:0,(anonymous_16)
FNDA:0,(anonymous_17)
FNDA:0,markUploadPrepared
FNDA:0,(anonymous_19)
FNDA:0,(anonymous_20)
FNDA:0,markUploadSucceeded
FNDA:0,(anonymous_22)
FNDA:0,(anonymous_23)
FNDA:0,scheduleUploadRetry
FNDA:0,(anonymous_25)
FNDA:0,(anonymous_26)
FNDA:0,markUploadFailed
FNDA:0,(anonymous_28)
FNDA:0,(anonymous_29)
FNDA:0,clearUploadedItemsForIncident
FNDA:0,(anonymous_31)
FNDA:0,(anonymous_32)
FNDA:0,getProcessableQueueItems
FNDA:0,(anonymous_34)
DA:1,2
DA:3,2
DA:4,2
DA:38,2
DA:44,2
DA:45,2
DA:46,2
DA:47,2
DA:50,2
DA:54,0
DA:57,0
DA:71,0
DA:92,0
DA:100,0
DA:104,2
DA:105,0
DA:112,0
DA:113,0
DA:114,0
DA:118,0
DA:119,0
DA:120,0
DA:123,2
DA:124,2
DA:125,0
DA:128,2
DA:129,0
DA:130,0
DA:133,2
DA:134,2
DA:135,2
DA:136,2
DA:137,1
DA:139,1
DA:140,0
DA:143,1
DA:145,2
DA:146,2
DA:147,2
DA:151,2
DA:154,2
DA:155,2
DA:158,2
DA:159,0
DA:160,0
DA:161,0
DA:162,0
DA:166,2
DA:172,0
DA:183,0
DA:188,0
DA:191,2
DA:192,0
DA:195,0
DA:207,2
DA:211,0
DA:214,0
DA:225,2
DA:226,0
DA:229,0
DA:240,2
DA:244,0
DA:247,0
DA:259,2
DA:260,0
DA:263,0
DA:274,2
DA:275,0
DA:278,0
DA:283,2
DA:284,0
DA:285,0
DA:286,0
DA:287,0
DA:290,0
DA:291,0
LF:76
LH:35
BRDA:54,0,0,0
BRDA:54,0,1,0
BRDA:58,1,0,0
BRDA:58,1,1,0
BRDA:58,1,2,0
BRDA:58,1,3,0
BRDA:58,1,4,0
BRDA:58,1,5,0
BRDA:58,1,6,0
BRDA:58,1,7,0
BRDA:58,1,8,0
BRDA:58,1,9,0
BRDA:58,1,10,0
BRDA:74,2,0,0
BRDA:74,2,1,0
BRDA:74,3,0,0
BRDA:74,3,1,0
BRDA:74,3,2,0
BRDA:74,3,3,0
BRDA:80,4,0,0
BRDA:80,4,1,0
BRDA:81,5,0,0
BRDA:81,5,1,0
BRDA:82,6,0,0
BRDA:82,6,1,0
BRDA:84,7,0,0
BRDA:84,7,1,0
BRDA:84,8,0,0
BRDA:84,8,1,0
BRDA:84,8,2,0
BRDA:95,9,0,0
BRDA:95,9,1,0
BRDA:124,10,0,0
BRDA:128,11,0,0
BRDA:136,12,0,1
BRDA:136,12,1,1
BRDA:195,13,0,0
BRDA:195,13,1,0
BRDA:214,14,0,0
BRDA:214,14,1,0
BRDA:218,15,0,0
BRDA:218,15,1,0
BRDA:229,16,0,0
BRDA:229,16,1,0
BRDA:247,17,0,0
BRDA:247,17,1,0
BRDA:263,18,0,0
BRDA:263,18,1,0
BRDA:278,19,0,0
BRDA:278,19,1,0
BRDA:283,20,0,0
BRDA:286,21,0,0
BRDA:291,22,0,0
BRDA:291,22,1,0
BRF:54
BRH:2
end_of_record
